Running on desktop1.hpc.itu.dk:
Thu May  8 10:58:09 2025       
+-----------------------------------------------------------------------------------------+
| NVIDIA-SMI 560.35.03              Driver Version: 560.35.03      CUDA Version: 12.6     |
|-----------------------------------------+------------------------+----------------------+
| GPU  Name                 Persistence-M | Bus-Id          Disp.A | Volatile Uncorr. ECC |
| Fan  Temp   Perf          Pwr:Usage/Cap |           Memory-Usage | GPU-Util  Compute M. |
|                                         |                        |               MIG M. |
|=========================================+========================+======================|
|   0  NVIDIA GeForce RTX 2070        On  |   00000000:01:00.0 Off |                  N/A |
| 16%   33C    P8              6W /  175W |       1MiB /   8192MiB |      0%      Default |
|                                         |                        |                  N/A |
+-----------------------------------------+------------------------+----------------------+
                                                                                         
+-----------------------------------------------------------------------------------------+
| Processes:                                                                              |
|  GPU   GI   CI        PID   Type   Process name                              GPU Memory |
|        ID   ID                                                               Usage      |
|=========================================================================================|
|  No running processes found                                                             |
+-----------------------------------------------------------------------------------------+
-------------------------------
Current working directory: /home/vson/Kandidat/DataVisualization
-------------------------------
Trying to activate Conda environment 'thesis_env'...
/var/spool/slurmd/job52925/slurm_script: line 19: conda: command not found
Running the Python script...
/var/spool/slurmd/job52925/slurm_script: line 24: python: command not found
Job completed successfully.
